2025-05-10 21:23:21 [background-preinit] INFO  o.h.validator.internal.util.Version - HV000001: Hibernate Validator 8.0.1.Final
2025-05-10 21:23:21 [main] INFO  c.l.l.LibrarymanagementApplication - Starting LibrarymanagementApplication using Java 21.0.6 with PID 75708 (/Users/kutayakpinar/Desktop/GetirLMA/librarymanagement/target/classes started by kutayakpinar in /Users/kutayakpinar/Desktop/GetirLMA)
2025-05-10 21:23:21 [main] INFO  c.l.l.LibrarymanagementApplication - No active profile set, falling back to 1 default profile: "default"
2025-05-10 21:23:22 [main] WARN  o.s.b.w.s.c.AnnotationConfigServletWebServerApplicationContext - Exception encountered during context initialization - cancelling refresh attempt: org.springframework.beans.factory.support.BeanDefinitionOverrideException: Invalid bean definition with name 'requestMappingHandlerMapping' defined in class path resource [org/springframework/boot/autoconfigure/web/servlet/WebMvcAutoConfiguration$EnableWebMvcConfiguration.class]: Cannot register bean definition [Root bean: class [null]; scope=; abstract=false; lazyInit=null; autowireMode=3; dependencyCheck=0; autowireCandidate=true; primary=false; factoryBeanName=org.springframework.boot.autoconfigure.web.servlet.WebMvcAutoConfiguration$EnableWebMvcConfiguration; factoryMethodName=requestMappingHandlerMapping; initMethodNames=null; destroyMethodNames=[(inferred)]; defined in class path resource [org/springframework/boot/autoconfigure/web/servlet/WebMvcAutoConfiguration$EnableWebMvcConfiguration.class]] for bean 'requestMappingHandlerMapping' since there is already [Root bean: class [null]; scope=; abstract=false; lazyInit=null; autowireMode=3; dependencyCheck=0; autowireCandidate=true; primary=false; factoryBeanName=org.springframework.web.reactive.config.DelegatingWebFluxConfiguration; factoryMethodName=requestMappingHandlerMapping; initMethodNames=null; destroyMethodNames=[(inferred)]; defined in class path resource [org/springframework/web/reactive/config/DelegatingWebFluxConfiguration.class]] bound.
2025-05-10 21:23:22 [main] INFO  o.s.b.a.l.ConditionEvaluationReportLogger - 

Error starting ApplicationContext. To display the condition evaluation report re-run your application with 'debug' enabled.
2025-05-10 21:23:22 [main] ERROR o.s.b.d.LoggingFailureAnalysisReporter - 

***************************
APPLICATION FAILED TO START
***************************

Description:

The bean 'requestMappingHandlerMapping', defined in class path resource [org/springframework/boot/autoconfigure/web/servlet/WebMvcAutoConfiguration$EnableWebMvcConfiguration.class], could not be registered. A bean with that name has already been defined in class path resource [org/springframework/web/reactive/config/DelegatingWebFluxConfiguration.class] and overriding is disabled.

Action:

Consider renaming one of the beans or enabling overriding by setting spring.main.allow-bean-definition-overriding=true

2025-05-10 21:23:42 [background-preinit] INFO  o.h.validator.internal.util.Version - HV000001: Hibernate Validator 8.0.1.Final
2025-05-10 21:23:42 [main] INFO  c.l.l.LibrarymanagementApplication - Starting LibrarymanagementApplication using Java 21.0.6 with PID 75752 (/Users/kutayakpinar/Desktop/GetirLMA/librarymanagement/target/classes started by kutayakpinar in /Users/kutayakpinar/Desktop/GetirLMA)
2025-05-10 21:23:42 [main] INFO  c.l.l.LibrarymanagementApplication - No active profile set, falling back to 1 default profile: "default"
2025-05-10 21:23:42 [main] WARN  o.s.b.w.s.c.AnnotationConfigServletWebServerApplicationContext - Exception encountered during context initialization - cancelling refresh attempt: org.springframework.beans.factory.support.BeanDefinitionOverrideException: Invalid bean definition with name 'requestMappingHandlerMapping' defined in class path resource [org/springframework/boot/autoconfigure/web/servlet/WebMvcAutoConfiguration$EnableWebMvcConfiguration.class]: Cannot register bean definition [Root bean: class [null]; scope=; abstract=false; lazyInit=null; autowireMode=3; dependencyCheck=0; autowireCandidate=true; primary=false; factoryBeanName=org.springframework.boot.autoconfigure.web.servlet.WebMvcAutoConfiguration$EnableWebMvcConfiguration; factoryMethodName=requestMappingHandlerMapping; initMethodNames=null; destroyMethodNames=[(inferred)]; defined in class path resource [org/springframework/boot/autoconfigure/web/servlet/WebMvcAutoConfiguration$EnableWebMvcConfiguration.class]] for bean 'requestMappingHandlerMapping' since there is already [Root bean: class [null]; scope=; abstract=false; lazyInit=null; autowireMode=3; dependencyCheck=0; autowireCandidate=true; primary=false; factoryBeanName=org.springframework.web.reactive.config.DelegatingWebFluxConfiguration; factoryMethodName=requestMappingHandlerMapping; initMethodNames=null; destroyMethodNames=[(inferred)]; defined in class path resource [org/springframework/web/reactive/config/DelegatingWebFluxConfiguration.class]] bound.
2025-05-10 21:23:42 [main] INFO  o.s.b.a.l.ConditionEvaluationReportLogger - 

Error starting ApplicationContext. To display the condition evaluation report re-run your application with 'debug' enabled.
2025-05-10 21:23:43 [main] ERROR o.s.b.d.LoggingFailureAnalysisReporter - 

***************************
APPLICATION FAILED TO START
***************************

Description:

The bean 'requestMappingHandlerMapping', defined in class path resource [org/springframework/boot/autoconfigure/web/servlet/WebMvcAutoConfiguration$EnableWebMvcConfiguration.class], could not be registered. A bean with that name has already been defined in class path resource [org/springframework/web/reactive/config/DelegatingWebFluxConfiguration.class] and overriding is disabled.

Action:

Consider renaming one of the beans or enabling overriding by setting spring.main.allow-bean-definition-overriding=true

2025-05-10 21:23:53 [background-preinit] INFO  o.h.validator.internal.util.Version - HV000001: Hibernate Validator 8.0.1.Final
2025-05-10 21:23:53 [main] INFO  c.l.l.LibrarymanagementApplication - Starting LibrarymanagementApplication using Java 21.0.6 with PID 75811 (/Users/kutayakpinar/Desktop/GetirLMA/librarymanagement/target/classes started by kutayakpinar in /Users/kutayakpinar/Desktop/GetirLMA)
2025-05-10 21:23:53 [main] INFO  c.l.l.LibrarymanagementApplication - No active profile set, falling back to 1 default profile: "default"
2025-05-10 21:23:53 [main] INFO  o.s.d.r.c.RepositoryConfigurationDelegate - Bootstrapping Spring Data JPA repositories in DEFAULT mode.
2025-05-10 21:23:53 [main] INFO  o.s.d.r.c.RepositoryConfigurationDelegate - Finished Spring Data repository scanning in 24 ms. Found 3 JPA repository interfaces.
2025-05-10 21:23:54 [main] INFO  o.s.b.w.e.tomcat.TomcatWebServer - Tomcat initialized with port 8080 (http)
2025-05-10 21:23:54 [main] INFO  o.a.coyote.http11.Http11NioProtocol - Initializing ProtocolHandler ["http-nio-8080"]
2025-05-10 21:23:54 [main] INFO  o.a.catalina.core.StandardService - Starting service [Tomcat]
2025-05-10 21:23:54 [main] INFO  o.a.catalina.core.StandardEngine - Starting Servlet engine: [Apache Tomcat/10.1.20]
2025-05-10 21:23:54 [main] INFO  o.a.c.c.C.[Tomcat].[localhost].[/] - Initializing Spring embedded WebApplicationContext
2025-05-10 21:23:54 [main] INFO  o.s.b.w.s.c.ServletWebServerApplicationContext - Root WebApplicationContext: initialization completed in 763 ms
2025-05-10 21:23:54 [main] INFO  c.l.l.security.JwtTokenProvider - Initializing JWT token provider with secret key
2025-05-10 21:23:54 [main] INFO  o.h.jpa.internal.util.LogHelper - HHH000204: Processing PersistenceUnitInfo [name: default]
2025-05-10 21:23:54 [main] INFO  org.hibernate.Version - HHH000412: Hibernate ORM core version 6.4.4.Final
2025-05-10 21:23:54 [main] INFO  o.h.c.i.RegionFactoryInitiator - HHH000026: Second-level cache disabled
2025-05-10 21:23:54 [main] INFO  o.s.o.j.p.SpringPersistenceUnitInfo - No LoadTimeWeaver setup: ignoring JPA class transformer
2025-05-10 21:23:54 [main] INFO  com.zaxxer.hikari.HikariDataSource - HikariPool-1 - Starting...
2025-05-10 21:23:54 [main] INFO  com.zaxxer.hikari.pool.HikariPool - HikariPool-1 - Added connection org.postgresql.jdbc.PgConnection@3a3316b6
2025-05-10 21:23:54 [main] INFO  com.zaxxer.hikari.HikariDataSource - HikariPool-1 - Start completed.
2025-05-10 21:23:54 [main] WARN  org.hibernate.orm.deprecation - HHH90000025: PostgreSQLDialect does not need to be specified explicitly using 'hibernate.dialect' (remove the property setting and it will be selected by default)
2025-05-10 21:23:54 [main] INFO  o.h.e.t.j.p.i.JtaPlatformInitiator - HHH000489: No JTA platform available (set 'hibernate.transaction.jta.platform' to enable JTA platform integration)
2025-05-10 21:23:54 [main] INFO  o.s.o.j.LocalContainerEntityManagerFactoryBean - Initialized JPA EntityManagerFactory for persistence unit 'default'
2025-05-10 21:23:55 [main] INFO  o.s.d.j.r.query.QueryEnhancerFactory - Hibernate is in classpath; If applicable, HQL parser will be used.
2025-05-10 21:23:55 [main] WARN  o.s.b.a.o.j.JpaBaseConfiguration$JpaWebConfiguration - spring.jpa.open-in-view is enabled by default. Therefore, database queries may be performed during view rendering. Explicitly configure spring.jpa.open-in-view to disable this warning
2025-05-10 21:23:55 [main] INFO  o.s.s.web.DefaultSecurityFilterChain - Will secure any request with [org.springframework.security.web.session.DisableEncodeUrlFilter@610640e3, org.springframework.security.web.context.request.async.WebAsyncManagerIntegrationFilter@95f61c2, org.springframework.security.web.context.SecurityContextHolderFilter@39595a8, org.springframework.security.web.header.HeaderWriterFilter@3c6c87fa, org.springframework.web.filter.CorsFilter@2be9425f, org.springframework.security.web.authentication.logout.LogoutFilter@1c7159d5, com.librarymanagement.librarymanagement.security.JwtAuthenticationFilter@27260f9c, org.springframework.security.web.savedrequest.RequestCacheAwareFilter@64a009e7, org.springframework.security.web.servletapi.SecurityContextHolderAwareRequestFilter@6f3f2340, org.springframework.security.web.authentication.AnonymousAuthenticationFilter@41f05f1, org.springframework.security.web.session.SessionManagementFilter@474a63d9, org.springframework.security.web.access.ExceptionTranslationFilter@5827908c, org.springframework.security.web.access.intercept.AuthorizationFilter@150eab74]
2025-05-10 21:23:55 [main] INFO  o.a.coyote.http11.Http11NioProtocol - Starting ProtocolHandler ["http-nio-8080"]
2025-05-10 21:23:55 [main] INFO  o.s.b.w.e.tomcat.TomcatWebServer - Tomcat started on port 8080 (http) with context path ''
2025-05-10 21:23:55 [main] INFO  c.l.l.LibrarymanagementApplication - Started LibrarymanagementApplication in 2.779 seconds (process running for 2.931)
2025-05-10 21:24:02 [SpringApplicationShutdownHook] INFO  o.s.o.j.LocalContainerEntityManagerFactoryBean - Closing JPA EntityManagerFactory for persistence unit 'default'
2025-05-10 21:24:02 [SpringApplicationShutdownHook] INFO  com.zaxxer.hikari.HikariDataSource - HikariPool-1 - Shutdown initiated...
2025-05-10 21:24:02 [SpringApplicationShutdownHook] INFO  com.zaxxer.hikari.HikariDataSource - HikariPool-1 - Shutdown completed.
2025-05-10 21:28:41 [background-preinit] INFO  o.h.validator.internal.util.Version - HV000001: Hibernate Validator 8.0.1.Final
2025-05-10 21:28:41 [main] INFO  c.l.l.LibrarymanagementApplication - Starting LibrarymanagementApplication using Java 21.0.6 with PID 76092 (/Users/kutayakpinar/Desktop/GetirLMA/librarymanagement/target/classes started by kutayakpinar in /Users/kutayakpinar/Desktop/GetirLMA)
2025-05-10 21:28:41 [main] INFO  c.l.l.LibrarymanagementApplication - No active profile set, falling back to 1 default profile: "default"
2025-05-10 21:28:41 [main] INFO  o.s.d.r.c.RepositoryConfigurationDelegate - Bootstrapping Spring Data JPA repositories in DEFAULT mode.
2025-05-10 21:28:41 [main] INFO  o.s.d.r.c.RepositoryConfigurationDelegate - Finished Spring Data repository scanning in 60 ms. Found 3 JPA repository interfaces.
2025-05-10 21:28:42 [main] INFO  o.s.b.w.e.tomcat.TomcatWebServer - Tomcat initialized with port 8080 (http)
2025-05-10 21:28:42 [main] INFO  o.a.coyote.http11.Http11NioProtocol - Initializing ProtocolHandler ["http-nio-8080"]
2025-05-10 21:28:42 [main] INFO  o.a.catalina.core.StandardService - Starting service [Tomcat]
2025-05-10 21:28:42 [main] INFO  o.a.catalina.core.StandardEngine - Starting Servlet engine: [Apache Tomcat/10.1.20]
2025-05-10 21:28:42 [main] INFO  o.a.c.c.C.[Tomcat].[localhost].[/] - Initializing Spring embedded WebApplicationContext
2025-05-10 21:28:42 [main] INFO  o.s.b.w.s.c.ServletWebServerApplicationContext - Root WebApplicationContext: initialization completed in 817 ms
2025-05-10 21:28:42 [main] INFO  c.l.l.security.JwtTokenProvider - Initializing JWT token provider with secret key
2025-05-10 21:28:42 [main] INFO  o.h.jpa.internal.util.LogHelper - HHH000204: Processing PersistenceUnitInfo [name: default]
2025-05-10 21:28:42 [main] INFO  org.hibernate.Version - HHH000412: Hibernate ORM core version 6.4.4.Final
2025-05-10 21:28:42 [main] INFO  o.h.c.i.RegionFactoryInitiator - HHH000026: Second-level cache disabled
2025-05-10 21:28:42 [main] INFO  o.s.o.j.p.SpringPersistenceUnitInfo - No LoadTimeWeaver setup: ignoring JPA class transformer
2025-05-10 21:28:42 [main] INFO  com.zaxxer.hikari.HikariDataSource - HikariPool-1 - Starting...
2025-05-10 21:28:42 [main] INFO  com.zaxxer.hikari.pool.HikariPool - HikariPool-1 - Added connection org.postgresql.jdbc.PgConnection@4ff9f715
2025-05-10 21:28:42 [main] INFO  com.zaxxer.hikari.HikariDataSource - HikariPool-1 - Start completed.
2025-05-10 21:28:42 [main] WARN  org.hibernate.orm.deprecation - HHH90000025: PostgreSQLDialect does not need to be specified explicitly using 'hibernate.dialect' (remove the property setting and it will be selected by default)
2025-05-10 21:28:42 [main] INFO  o.h.e.t.j.p.i.JtaPlatformInitiator - HHH000489: No JTA platform available (set 'hibernate.transaction.jta.platform' to enable JTA platform integration)
2025-05-10 21:28:43 [main] INFO  o.s.o.j.LocalContainerEntityManagerFactoryBean - Initialized JPA EntityManagerFactory for persistence unit 'default'
2025-05-10 21:28:43 [main] INFO  c.l.l.s.BookAvailabilityService - Real-time book availability service initialized
2025-05-10 21:28:43 [main] INFO  o.s.d.j.r.query.QueryEnhancerFactory - Hibernate is in classpath; If applicable, HQL parser will be used.
2025-05-10 21:28:43 [main] WARN  o.s.b.a.o.j.JpaBaseConfiguration$JpaWebConfiguration - spring.jpa.open-in-view is enabled by default. Therefore, database queries may be performed during view rendering. Explicitly configure spring.jpa.open-in-view to disable this warning
2025-05-10 21:28:43 [main] INFO  o.s.s.web.DefaultSecurityFilterChain - Will secure any request with [org.springframework.security.web.session.DisableEncodeUrlFilter@48b85dc5, org.springframework.security.web.context.request.async.WebAsyncManagerIntegrationFilter@350a3df3, org.springframework.security.web.context.SecurityContextHolderFilter@5126c0cd, org.springframework.security.web.header.HeaderWriterFilter@3d4b3b94, org.springframework.web.filter.CorsFilter@3f31ccef, org.springframework.security.web.authentication.logout.LogoutFilter@4998944b, com.librarymanagement.librarymanagement.security.JwtAuthenticationFilter@3f0c2eff, org.springframework.security.web.savedrequest.RequestCacheAwareFilter@656bd8e, org.springframework.security.web.servletapi.SecurityContextHolderAwareRequestFilter@74c3374f, org.springframework.security.web.authentication.AnonymousAuthenticationFilter@65d28ad4, org.springframework.security.web.session.SessionManagementFilter@5344b208, org.springframework.security.web.access.ExceptionTranslationFilter@7e199cec, org.springframework.security.web.access.intercept.AuthorizationFilter@2a32be8d]
2025-05-10 21:28:44 [main] INFO  o.a.coyote.http11.Http11NioProtocol - Starting ProtocolHandler ["http-nio-8080"]
2025-05-10 21:28:44 [main] INFO  o.s.b.w.e.tomcat.TomcatWebServer - Tomcat started on port 8080 (http) with context path ''
2025-05-10 21:28:44 [main] INFO  c.l.l.LibrarymanagementApplication - Started LibrarymanagementApplication in 2.987 seconds (process running for 3.141)
2025-05-10 21:28:58 [http-nio-8080-exec-1] INFO  o.a.c.c.C.[Tomcat].[localhost].[/] - Initializing Spring DispatcherServlet 'dispatcherServlet'
2025-05-10 21:28:58 [http-nio-8080-exec-1] INFO  o.s.web.servlet.DispatcherServlet - Initializing Servlet 'dispatcherServlet'
2025-05-10 21:28:58 [http-nio-8080-exec-1] INFO  o.s.web.servlet.DispatcherServlet - Completed initialization in 1 ms
2025-05-10 21:28:58 [http-nio-8080-exec-2] INFO  c.l.l.c.BookAvailabilityController - Client connected to book availability stream
2025-05-10 21:28:58 [http-nio-8080-exec-2] DEBUG c.l.l.s.BookAvailabilityService - Enter: com.librarymanagement.librarymanagement.service.BookAvailabilityService.getAvailabilityUpdates() with arguments = []
2025-05-10 21:28:58 [http-nio-8080-exec-2] DEBUG c.l.l.s.BookAvailabilityService - Exit: com.librarymanagement.librarymanagement.service.BookAvailabilityService.getAvailabilityUpdates() with result = SinkManyReplayProcessor in 0 ms
2025-05-10 21:29:25 [http-nio-8080-exec-4] ERROR c.l.l.security.JwtTokenProvider - Expired JWT token: JWT expired at 2025-05-10T12:28:05Z. Current time: 2025-05-10T18:29:25Z, a difference of 21680261 milliseconds.  Allowed clock skew: 0 milliseconds.
2025-05-10 21:29:25 [http-nio-8080-exec-4] WARN  c.l.l.s.JwtAuthenticationFilter - Invalid JWT token received for request to: /api/borrowings/borrow
2025-05-10 21:29:44 [http-nio-8080-exec-6] INFO  c.l.l.controller.UserController - User registration request received for email: kutay2@patron.com
2025-05-10 21:29:44 [http-nio-8080-exec-6] DEBUG c.l.l.service.UserServiceImpl - Enter: com.librarymanagement.librarymanagement.service.UserServiceImpl.registerUserAndReturn() with arguments = [UserRegistrationRequest(firstName=Kutay3, lastName=Akpınar, email=kutay2@patron.com, password=1234, phoneNumber=5551234567, role=PATRON, address=İzmir, Türkiye)]
2025-05-10 21:29:44 [http-nio-8080-exec-6] DEBUG c.l.l.service.UserServiceImpl - Processing user registration and returning entity for email: kutay2@patron.com
2025-05-10 21:29:44 [http-nio-8080-exec-6] INFO  c.l.l.service.UserServiceImpl - User successfully registered and returned with ID: 308, email: kutay2@patron.com, role: PATRON
2025-05-10 21:29:44 [http-nio-8080-exec-6] DEBUG c.l.l.service.UserServiceImpl - Exit: com.librarymanagement.librarymanagement.service.UserServiceImpl.registerUserAndReturn() with result = User(id=308, firstName=Kutay3, lastName=Akpınar, email=kutay2@patron.com, password=$2a$10$pIHYBu3og89z1sReDGgDtOz.UZGI1blDK.UJzSiB9ERdk77I16ThG, phoneNumber=5551234567, role=PATRON, address=İzmir, Türkiye, createdAt=2025-05-10T21:29:44.306303, updatedAt=null, borrowings=null) in 150 ms
2025-05-10 21:29:44 [http-nio-8080-exec-6] INFO  c.l.l.controller.UserController - User successfully registered: ID: 308, Email: kutay2@patron.com, Role: PATRON
2025-05-10 21:30:11 [http-nio-8080-exec-7] INFO  c.l.l.controller.BorrowingController - Request to borrow book received: User ID: 308, Book ID: 1
2025-05-10 21:30:11 [http-nio-8080-exec-7] DEBUG c.l.l.service.BorrowingServiceImpl - Enter: com.librarymanagement.librarymanagement.service.BorrowingServiceImpl.borrowBook() with arguments = [308, BorrowBookRequestDto(bookId=1, dueDate=2025-06-01)]
2025-05-10 21:30:11 [http-nio-8080-exec-7] DEBUG c.l.l.service.BorrowingServiceImpl - Processing book borrowing request: User ID: 308, Book ID: 1
2025-05-10 21:30:11 [http-nio-8080-exec-7] DEBUG c.l.l.service.BorrowingServiceImpl - User found for borrowing: ID: 308, Name: Kutay3 Akpınar, Role: PATRON
2025-05-10 21:30:11 [http-nio-8080-exec-7] DEBUG c.l.l.service.BorrowingServiceImpl - Book found for borrowing: ID: 1, Title: Clean Architecture, Available: true
2025-05-10 21:30:11 [http-nio-8080-exec-7] DEBUG c.l.l.service.BorrowingServiceImpl - User's active borrowing count: 0, Maximum allowed: 5
2025-05-10 21:30:11 [http-nio-8080-exec-7] DEBUG c.l.l.service.BorrowingServiceImpl - Creating borrowing with borrow date: 2025-05-10, due date: 2025-06-01
2025-05-10 21:30:11 [http-nio-8080-exec-7] DEBUG c.l.l.s.BookAvailabilityService - Enter: com.librarymanagement.librarymanagement.service.BookAvailabilityService.publishAvailabilityUpdate() with arguments = [1, Clean Architecture, false]
2025-05-10 21:30:11 [http-nio-8080-exec-7] INFO  c.l.l.s.BookAvailabilityService - Publishing availability update for book ID 1: available = false
2025-05-10 21:30:11 [http-nio-8080-exec-7] DEBUG c.l.l.s.BookAvailabilityService - Exit: com.librarymanagement.librarymanagement.service.BookAvailabilityService.publishAvailabilityUpdate() with result = null in 1 ms
2025-05-10 21:30:11 [http-nio-8080-exec-7] DEBUG c.l.l.service.BorrowingServiceImpl - Book marked as unavailable: ID: 1, Title: Clean Architecture
2025-05-10 21:30:11 [http-nio-8080-exec-7] INFO  c.l.l.service.BorrowingServiceImpl - Borrowing successfully created: ID: 23, User: Kutay3 Akpınar, Book: Clean Architecture, Due date: 2025-06-01
2025-05-10 21:30:11 [http-nio-8080-exec-7] DEBUG c.l.l.service.BorrowingServiceImpl - Exit: com.librarymanagement.librarymanagement.service.BorrowingServiceImpl.borrowBook() with result = BorrowingResponseDto(id=23, userId=308, userName=Kutay3 Akpınar, bookId=1, bookTitle=Clean Architecture, bookAuthor=Robert C. Martin, borrowDate=2025-05-10, dueDate=2025-06-01, returnDate=null, status=BORROWED) in 24 ms
2025-05-10 21:30:11 [http-nio-8080-exec-7] INFO  c.l.l.controller.BorrowingController - Book successfully borrowed: Borrowing ID: 23, User ID: 308, Book ID: 1
2025-05-10 21:30:37 [SpringApplicationShutdownHook] INFO  o.s.o.j.LocalContainerEntityManagerFactoryBean - Closing JPA EntityManagerFactory for persistence unit 'default'
2025-05-10 21:30:37 [SpringApplicationShutdownHook] INFO  com.zaxxer.hikari.HikariDataSource - HikariPool-1 - Shutdown initiated...
2025-05-10 21:30:37 [SpringApplicationShutdownHook] INFO  com.zaxxer.hikari.HikariDataSource - HikariPool-1 - Shutdown completed.
